<?xml version="1.0" encoding="UTF-8"?>
<!-- Generated by org.testng.reporters.JUnitXMLReporter -->
<testsuite hostname="A3375L" ignored="0" name="SimpliLearnCucumber_Author_MuthuRaja" tests="7" failures="0" timestamp="2023-04-19T12:43:08 IST" time="69.748" errors="0">
  <testcase name="findstoreswithLocation" time="0.002" classname="TestRunners.Sampltest"/>
  <testcase name="findstoreswithLocation" time="0.0" classname="TestRunners.Sampltest"/>
  <testcase name="findstoreswithLocation" time="0.0" classname="TestRunners.Sampltest"/>
  <testcase name="findstoreswithLocation" time="0.0" classname="TestRunners.Sampltest"/>
  <testcase name="runScenario" time="11.814" classname="io.cucumber.testng.AbstractTestNGCucumberTests"/>
  <testcase name="runScenario" time="12.364" classname="io.cucumber.testng.AbstractTestNGCucumberTests"/>
  <testcase name="runScenario" time="37.756" classname="io.cucumber.testng.AbstractTestNGCucumberTests"/>
</testsuite> <!-- SimpliLearnCucumber_Author_MuthuRaja -->
